99.01.28 16:46 B A:\\beth.jpg --> ftp.GeoCities.com /Hollywood/Lot/3871/bpa beth.jpg
99.01.31 15:44 B A:\\brenda.jpg --> ftp.Geocities.com /Hollywood/Lot/3871/bpa brenda.jpg
99.01.31 15:45 B A:\\chrisb.jpg --> ftp.Geocities.com /Hollywood/Lot/3871/bpa chrisb.jpg
99.01.31 15:45 B A:\\chrish.jpg --> ftp.Geocities.com /Hollywood/Lot/3871/bpa chrish.jpg
99.01.31 15:47 B A:\\heidi.jpg --> ftp.Geocities.com /Hollywood/Lot/3871/bpa heidi.jpg
99.01.31 15:47 B A:\\kevin.jpg --> ftp.Geocities.com /Hollywood/Lot/3871/bpa kevin.jpg
99.01.31 15:47 B A:\\kim.jpg --> ftp.Geocities.com /Hollywood/Lot/3871/bpa kim.jpg
99.01.31 15:48 B A:\\michael.jpg --> ftp.Geocities.com /Hollywood/Lot/3871/bpa michael.jpg
99.01.31 15:49 B A:\\sheryl.jpg --> ftp.Geocities.com /Hollywood/Lot/3871/bpa sheryl.jpg
99.01.31 15:49 B A:\\steph.jpg --> ftp.Geocities.com /Hollywood/Lot/3871/bpa steph.jpg
99.01.31 15:50 B A:\\index.htm --> ftp.Geocities.com /Hollywood/Lot/3871/bpa index.htm
99.01.31 15:50 B A:\\main.htm --> ftp.Geocities.com /Hollywood/Lot/3871/bpa main.htm
99.01.31 15:51 B A:\\meetings.htm --> ftp.Geocities.com /Hollywood/Lot/3871/bpa meetings.htm
99.01.31 15:52 B A:\\menu.htm --> ftp.Geocities.com /Hollywood/Lot/3871/bpa menu.htm
99.01.31 15:54 B A:\\member.htm --> ftp.Geocities.com /Hollywood/Lot/3871/bpa member.htm
99.01.31 16:15 B A:\\activite.htm --> ftp.Geocities.com /Hollywood/Lot/3871/bpa activite.htm
99.01.31 16:15 B A:\\civic.htm --> ftp.Geocities.com /Hollywood/Lot/3871/bpa civic.htm
99.01.31 16:15 B A:\\fund.htm --> ftp.Geocities.com /Hollywood/Lot/3871/bpa fund.htm
99.01.31 16:15 B A:\\index.htm --> ftp.Geocities.com /Hollywood/Lot/3871/bpa index.htm
99.01.31 16:15 B A:\\main.htm --> ftp.Geocities.com /Hollywood/Lot/3871/bpa main.htm
99.01.31 16:16 B A:\\meetings.htm --> ftp.Geocities.com /Hollywood/Lot/3871/bpa meetings.htm
99.01.31 16:16 B A:\\member.htm --> ftp.Geocities.com /Hollywood/Lot/3871/bpa member.htm
99.01.31 16:16 B A:\\menu.htm --> ftp.Geocities.com /Hollywood/Lot/3871/bpa menu.htm
99.01.31 16:16 B A:\\theme.htm --> ftp.Geocities.com /Hollywood/Lot/3871/bpa theme.htm
99.03.02 12:27 B A:\\activite.htm <-- GeoCities /Hollywood/Lot/3871/bpa activite.htm
99.03.02 12:27 B A:\\civic.htm <-- GeoCities /Hollywood/Lot/3871/bpa civic.htm
99.03.02 12:27 B A:\\fund.htm <-- GeoCities /Hollywood/Lot/3871/bpa fund.htm
99.03.02 12:27 B A:\\index.htm <-- GeoCities /Hollywood/Lot/3871/bpa index.htm
99.03.02 12:27 B A:\\main.htm <-- GeoCities /Hollywood/Lot/3871/bpa main.htm
99.03.02 12:28 B A:\\meetings.htm <-- GeoCities /Hollywood/Lot/3871/bpa meetings.htm
99.03.02 12:28 B A:\\member.htm <-- GeoCities /Hollywood/Lot/3871/bpa member.htm
99.03.02 12:28 B A:\\menu.htm <-- GeoCities /Hollywood/Lot/3871/bpa menu.htm
99.03.02 12:28 B A:\\request.htm <-- GeoCities /Hollywood/Lot/3871/bpa request.htm
99.03.02 12:28 B A:\\theme.htm <-- GeoCities /Hollywood/Lot/3871/bpa theme.htm
99.03.02 12:29 B A:\\chrisb.jpg <-- GeoCities /Hollywood/Lot/3871/bpa chrisb.jpg
99.03.02 12:29 B A:\\gena.jpg <-- GeoCities /Hollywood/Lot/3871/bpa gena.jpg
99.03.02 12:29 B A:\\jolene.jpg <-- GeoCities /Hollywood/Lot/3871/bpa jolene.jpg
99.03.02 12:29 B A:\\lecia.jpg <-- GeoCities /Hollywood/Lot/3871/bpa lecia.jpg
99.03.02 12:35 B A:\\request.htm <-- GeoCities /Hollywood/Lot/3871/bpa request.htm
99.04.29 01:58 B A:\\activite.htm --> ftp.Geocities.com /Hollywood/Lot/3871/bpa activite.htm
99.04.29 01:58 B A:\\civic.htm --> ftp.Geocities.com /Hollywood/Lot/3871/bpa civic.htm
99.04.29 01:58 B A:\\fund.htm --> ftp.Geocities.com /Hollywood/Lot/3871/bpa fund.htm
99.04.29 01:58 B A:\\index.htm --> ftp.Geocities.com /Hollywood/Lot/3871/bpa index.htm
99.04.29 01:58 B A:\\main.htm --> ftp.Geocities.com /Hollywood/Lot/3871/bpa main.htm
99.04.29 01:58 B A:\\meetings.htm --> ftp.Geocities.com /Hollywood/Lot/3871/bpa meetings.htm
99.04.29 01:58 B A:\\member.htm --> ftp.Geocities.com /Hollywood/Lot/3871/bpa member.htm
99.04.29 01:58 B A:\\menu.htm --> ftp.Geocities.com /Hollywood/Lot/3871/bpa menu.htm
99.04.29 01:58 B A:\\theme.htm --> ftp.Geocities.com /Hollywood/Lot/3871/bpa theme.htm
99.04.29 13:03 B A:\\activite.htm --> ftp.GeoCities.com /Hollywood/Lot/3871/bpa activite.htm
99.04.29 13:03 B A:\\civic.htm --> ftp.GeoCities.com /Hollywood/Lot/3871/bpa civic.htm
99.04.29 13:03 B A:\\fund.htm --> ftp.GeoCities.com /Hollywood/Lot/3871/bpa fund.htm
99.04.29 13:03 B A:\\index.htm --> ftp.GeoCities.com /Hollywood/Lot/3871/bpa index.htm
99.04.29 13:04 B A:\\main.htm --> ftp.GeoCities.com /Hollywood/Lot/3871/bpa main.htm
99.04.29 13:05 B A:\\meetings.htm --> ftp.GeoCities.com /Hollywood/Lot/3871/bpa meetings.htm
99.04.29 13:05 B A:\\member.htm --> ftp.GeoCities.com /Hollywood/Lot/3871/bpa member.htm
99.04.29 13:06 B A:\\menu.htm --> ftp.GeoCities.com /Hollywood/Lot/3871/bpa menu.htm
99.04.29 13:07 B A:\\theme.htm --> ftp.GeoCities.com /Hollywood/Lot/3871/bpa theme.htm
